<?xml version="1.0" encoding="UTF-8" ?>
<testsuite tests="3" failures="0" name="org.jboss.quickstarts.wfk.contact.ContactRegistrationTest" time="3.467" errors="0" skipped="0">
  <properties>
[...]
</properties>
  <testcase classname="org.jboss.quickstarts.wfk.contact.ContactRegistrationTest" name="testRegister" time="3.295"/>
  <testcase classname="org.jboss.quickstarts.wfk.contact.ContactRegistrationTest" name="testInvalidRegister" time="0.038"/>
  <testcase classname="org.jboss.quickstarts.wfk.contact.ContactRegistrationTest" name="testDuplicateEmail" time="0.134"/>
</testsuite>